<?xml version="1.0" encoding="UTF-8"?>
<!-- Generated by org.testng.reporters.JUnitReportReporter -->
<testsuite hostname="MWDH-Work2" failures="0" tests="1" name="ass3W9D5.ChromWhebDriverAss3W9D5" time="9.873" errors="0" timestamp="2022-08-06T17:33:20 AST" skipped="0">
  <testcase classname="ass3W9D5.ChromWhebDriverAss3W9D5" name="LearnEnglishWebSite" time="9.873"/>
  <system-out/>
</testsuite> <!-- ass3W9D5.ChromWhebDriverAss3W9D5 -->
